0 info it worked if it ends with ok
1 verbose cli [ '/Users/artemxgruden/.nvm/versions/node/v6.9.1/bin/node',
1 verbose cli   '/Users/artemxgruden/.nvm/versions/node/v6.9.1/bin/npm',
1 verbose cli   'run',
1 verbose cli   '2' ]
2 info using npm@3.10.8
3 info using node@v6.9.1
4 verbose run-script [ 'pre2', '2', 'post2' ]
5 info lifecycle todo@1.0.0~pre2: todo@1.0.0
6 silly lifecycle todo@1.0.0~pre2: no script for pre2, continuing
7 info lifecycle todo@1.0.0~2: todo@1.0.0
8 verbose lifecycle todo@1.0.0~2: unsafe-perm in lifecycle true
9 verbose lifecycle todo@1.0.0~2: PATH: /Users/artemxgruden/.nvm/versions/node/v6.9.1/lib/node_modules/npm/bin/node-gyp-bin:/Users/artemxgruden/new-projects/_todo/node_modules/.bin:/Users/artemxgruden/.nvm/versions/node/v6.9.1/bin:./node_modules/.bin:/Users/artemxgruden/.npm/bin:/Users/artemxgruden/.cargo/bin:/usr/local/bin:/usr/bin:/bin:/usr/sbin:/sbin:/Library/Frameworks/Mono.framework/Versions/Current/Commands:/Applications/Postgres.app/Contents/Versions/latest/bin:/Users/artemxgruden/.cargo/bin:/usr/local/opt/postgresql@10/bin:/usr/local/opt/mongodb-community@3.2/bin:/Users/artemxgruden/development/flutter/bin:/Users/artemxgruden/.deno/bin:/Library/Frameworks/Python.framework/Versions/3.7/bin:/Applications/Visual Studio Code.app/Contents/Resources/app/bin:/Users/artemxgruden/Library/Android/sdk/tools:/Users/artemxgruden/Library/Android/sdk/tools/bin:/Users/artemxgruden/Library/Android/sdk/platform-tools:/Users/artemxgruden/Library/Android/sdk/emulator:node_modules/.bin:/Users/artemxgruden/.rvm/bin:/usr/local/bin
10 verbose lifecycle todo@1.0.0~2: CWD: /Users/artemxgruden/new-projects/_todo
11 silly lifecycle todo@1.0.0~2: Args: [ '-c', './shell_scripts/2.sh' ]
12 silly lifecycle todo@1.0.0~2: Returned: code: 1  signal: null
13 info lifecycle todo@1.0.0~2: Failed to exec 2 script
14 verbose stack Error: todo@1.0.0 2: `./shell_scripts/2.sh`
14 verbose stack Exit status 1
14 verbose stack     at EventEmitter.<anonymous> (/Users/artemxgruden/.nvm/versions/node/v6.9.1/lib/node_modules/npm/lib/utils/lifecycle.js:255:16)
14 verbose stack     at emitTwo (events.js:106:13)
14 verbose stack     at EventEmitter.emit (events.js:191:7)
14 verbose stack     at ChildProcess.<anonymous> (/Users/artemxgruden/.nvm/versions/node/v6.9.1/lib/node_modules/npm/lib/utils/spawn.js:40:14)
14 verbose stack     at emitTwo (events.js:106:13)
14 verbose stack     at ChildProcess.emit (events.js:191:7)
14 verbose stack     at maybeClose (internal/child_process.js:877:16)
14 verbose stack     at Process.ChildProcess._handle.onexit (internal/child_process.js:226:5)
15 verbose pkgid todo@1.0.0
16 verbose cwd /Users/artemxgruden/new-projects/_todo
17 error Darwin 19.3.0
18 error argv "/Users/artemxgruden/.nvm/versions/node/v6.9.1/bin/node" "/Users/artemxgruden/.nvm/versions/node/v6.9.1/bin/npm" "run" "2"
19 error node v6.9.1
20 error npm  v3.10.8
21 error code ELIFECYCLE
22 error todo@1.0.0 2: `./shell_scripts/2.sh`
22 error Exit status 1
23 error Failed at the todo@1.0.0 2 script './shell_scripts/2.sh'.
23 error Make sure you have the latest version of node.js and npm installed.
23 error If you do, this is most likely a problem with the todo package,
23 error not with npm itself.
23 error Tell the author that this fails on your system:
23 error     ./shell_scripts/2.sh
23 error You can get information on how to open an issue for this project with:
23 error     npm bugs todo
23 error Or if that isn't available, you can get their info via:
23 error     npm owner ls todo
23 error There is likely additional logging output above.
24 verbose exit [ 1, true ]
